[2021-05-22 13:26:44] local.ERROR: Unable to detect application namespace. {"exception":"[object] (RuntimeException(code: 0): Unable to detect application namespace. at D:\\_Winner\\2020.11\\barkrz\\barkrz-backend\\vendor\\laravel\\framework\\src\\Illuminate\\Foundation\\Application.php:1194)
[stacktrace]
#0 D:\\_Winner\\2020.11\\barkrz\\barkrz-backend\\vendor\\laravel\\framework\\src\\Illuminate\\Foundation\\Console\\Kernel.php(208): Illuminate\\Foundation\\Application->getNamespace()
#1 D:\\_Winner\\2020.11\\barkrz\\barkrz-backend\\app\\Console\\Kernel.php(42): Illuminate\\Foundation\\Console\\Kernel->load(Array)
#2 D:\\_Winner\\2020.11\\barkrz\\barkrz-backend\\vendor\\laravel\\framework\\src\\Illuminate\\Foundation\\Console\\Kernel.php(302): App\\Console\\Kernel->commands()
#3 D:\\_Winner\\2020.11\\barkrz\\barkrz-backend\\vendor\\laravel\\framework\\src\\Illuminate\\Foundation\\Console\\Kernel.php(119): Illuminate\\Foundation\\Console\\Kernel->bootstrap()
#4 D:\\_Winner\\2020.11\\barkrz\\barkrz-backend\\artisan(35): Illuminate\\Foundation\\Console\\Kernel->handle(Object(Symfony\\Component\\Console\\Input\\ArgvInput), Object(Symfony\\Component\\Console\\Output\\ConsoleOutput))
#5 {main}
"} 
[2021-05-22 13:27:37] local.ERROR: Unable to detect application namespace. {"exception":"[object] (RuntimeException(code: 0): Unable to detect application namespace. at D:\\_Winner\\2020.11\\barkrz\\barkrz-backend\\vendor\\laravel\\framework\\src\\Illuminate\\Foundation\\Application.php:1194)
[stacktrace]
#0 D:\\_Winner\\2020.11\\barkrz\\barkrz-backend\\vendor\\laravel\\framework\\src\\Illuminate\\Foundation\\Console\\Kernel.php(208): Illuminate\\Foundation\\Application->getNamespace()
#1 D:\\_Winner\\2020.11\\barkrz\\barkrz-backend\\app\\Console\\Kernel.php(42): Illuminate\\Foundation\\Console\\Kernel->load(Array)
#2 D:\\_Winner\\2020.11\\barkrz\\barkrz-backend\\vendor\\laravel\\framework\\src\\Illuminate\\Foundation\\Console\\Kernel.php(302): App\\Console\\Kernel->commands()
#3 D:\\_Winner\\2020.11\\barkrz\\barkrz-backend\\vendor\\laravel\\framework\\src\\Illuminate\\Foundation\\Console\\Kernel.php(119): Illuminate\\Foundation\\Console\\Kernel->bootstrap()
#4 D:\\_Winner\\2020.11\\barkrz\\barkrz-backend\\artisan(35): Illuminate\\Foundation\\Console\\Kernel->handle(Object(Symfony\\Component\\Console\\Input\\ArgvInput), Object(Symfony\\Component\\Console\\Output\\ConsoleOutput))
#5 {main}
"} 
[2021-05-22 13:27:46] local.ERROR: Unable to detect application namespace. {"exception":"[object] (RuntimeException(code: 0): Unable to detect application namespace. at D:\\_Winner\\2020.11\\barkrz\\barkrz-backend\\vendor\\laravel\\framework\\src\\Illuminate\\Foundation\\Application.php:1194)
[stacktrace]
#0 D:\\_Winner\\2020.11\\barkrz\\barkrz-backend\\vendor\\laravel\\framework\\src\\Illuminate\\Foundation\\Console\\Kernel.php(208): Illuminate\\Foundation\\Application->getNamespace()
#1 D:\\_Winner\\2020.11\\barkrz\\barkrz-backend\\app\\Console\\Kernel.php(42): Illuminate\\Foundation\\Console\\Kernel->load(Array)
#2 D:\\_Winner\\2020.11\\barkrz\\barkrz-backend\\vendor\\laravel\\framework\\src\\Illuminate\\Foundation\\Console\\Kernel.php(302): App\\Console\\Kernel->commands()
#3 D:\\_Winner\\2020.11\\barkrz\\barkrz-backend\\vendor\\laravel\\framework\\src\\Illuminate\\Foundation\\Console\\Kernel.php(119): Illuminate\\Foundation\\Console\\Kernel->bootstrap()
#4 D:\\_Winner\\2020.11\\barkrz\\barkrz-backend\\artisan(35): Illuminate\\Foundation\\Console\\Kernel->handle(Object(Symfony\\Component\\Console\\Input\\ArgvInput), Object(Symfony\\Component\\Console\\Output\\ConsoleOutput))
#5 {main}
"} 
